<?xml version="1.0" encoding="UTF-8"?>
<!-- Generated by org.testng.reporters.JUnitXMLReporter -->
<testsuite hostname="Staff-PC" ignored="0" name="Test" tests="8" failures="0" timestamp="2021-02-09T15:16:21 IST" time="0.092" errors="0">
  <testcase name="restAPI" time="0.013" classname="qaclickacadamy.mavenjava.ResrAPITest"/>
  <testcase name="restAPI1" time="0.0" classname="qaclickacadamy.mavenjava.ResrAPITest"/>
  <testcase name="restAPI2" time="0.0" classname="qaclickacadamy.mavenjava.ResrAPITest"/>
  <testcase name="mobileTest" time="0.0" classname="qaclickacadamy.mavenjava.appiumTest"/>
  <testcase name="mobileTest1" time="0.0" classname="qaclickacadamy.mavenjava.appiumTest"/>
  <testcase name="mobileTest2" time="0.0" classname="qaclickacadamy.mavenjava.appiumTest"/>
  <testcase name="test1" time="0.0" classname="qaclickacadamy.mavenjava.seleniumTest"/>
  <testcase name="test2" time="0.001" classname="qaclickacadamy.mavenjava.seleniumTest"/>
</testsuite> <!-- Test -->
