<?xml version="1.0" encoding="UTF-8"?>
<testsuite xmlns:xsi="http://www.w3.org/2001/XMLSchema-instance" xsi:noNamespaceSchemaLocation="https://maven.apache.org/surefire/maven-surefire-plugin/xsd/surefire-test-report-3.0.xsd" version="3.0" name="TestSuite" time="1.946" tests="8" errors="0" skipped="0" failures="0">
  <properties>
[...]
</properties>
  <testcase name="restAPI" classname="qaclickacadamy.mavenjava.ResrAPITest" time="0.015">
    <system-out><![CDATA[IN RestAPI 
]]></system-out>
  </testcase>
  <testcase name="restAPI1" classname="qaclickacadamy.mavenjava.ResrAPITest" time="0.001">
    <system-out><![CDATA[IN RestAPI 1
]]></system-out>
  </testcase>
  <testcase name="restAPI2" classname="qaclickacadamy.mavenjava.ResrAPITest" time="0">
    <system-out><![CDATA[IN RestAPI 2
]]></system-out>
  </testcase>
  <testcase name="mobileTest" classname="qaclickacadamy.mavenjava.appiumTest" time="0.005">
    <system-out><![CDATA[Mobile Test
]]></system-out>
  </testcase>
  <testcase name="mobileTest1" classname="qaclickacadamy.mavenjava.appiumTest" time="0">
    <system-out><![CDATA[Mobile Test 1
]]></system-out>
  </testcase>
  <testcase name="mobileTest2" classname="qaclickacadamy.mavenjava.appiumTest" time="0.002">
    <system-out><![CDATA[Mobile Test 2
]]></system-out>
  </testcase>
  <testcase name="test1" classname="qaclickacadamy.mavenjava.seleniumTest" time="0.001">
    <system-out><![CDATA[I m in test 1
]]></system-out>
  </testcase>
  <testcase name="test2" classname="qaclickacadamy.mavenjava.seleniumTest" time="0">
    <system-out><![CDATA[I m in test 2
]]></system-out>
  </testcase>
</testsuite>